\BOOKMARK [1][-]{section.1}{\376\377\000I\000n\000t\000r\000o\000d\000u\000c\000t\000i\000o\000n}{}% 1
\BOOKMARK [1][-]{section.2}{\376\377\000M\000a\000i\000n\000\040\000S\000e\000c\000t\000i\000o\000n}{}% 2
\BOOKMARK [2][-]{subsection.2.1}{\376\377\000N\000o\000n\000c\000o\000m\000m\000u\000t\000a\000t\000i\000v\000e\000\040\000G\000e\000o\000m\000e\000t\000r\000i\000c\000\040\000S\000p\000a\000c\000e\000s}{section.2}% 3
\BOOKMARK [3][-]{subsubsection.2.1.1}{\376\377\000*\000-\000A\000l\000g\000e\000b\000r\000a}{subsection.2.1}% 4
\BOOKMARK [3][-]{subsubsection.2.1.2}{\376\377\000F\000i\000n\000i\000t\000e\000\040\000D\000i\000s\000c\000r\000e\000t\000e\000\040\000S\000p\000a\000c\000e}{subsection.2.1}% 5
\BOOKMARK [3][-]{subsubsection.2.1.3}{\376\377\000F\000i\000n\000i\000t\000e\000\040\000I\000n\000n\000e\000r\000\040\000P\000r\000o\000d\000u\000c\000t\000\040\000S\000p\000a\000c\000e\000s\000\040\000a\000n\000d\000\040\000R\000e\000p\000r\000e\000s\000e\000n\000t\000a\000t\000i\000o\000n\000s}{subsection.2.1}% 6
\BOOKMARK [3][-]{subsubsection.2.1.4}{\376\377\000A\000l\000g\000e\000b\000r\000a\000i\000c\000\040\000M\000o\000d\000u\000l\000e\000s}{subsection.2.1}% 7
\BOOKMARK [3][-]{subsubsection.2.1.5}{\376\377\000B\000a\000l\000a\000n\000c\000e\000d\000\040\000T\000e\000n\000s\000o\000r\000\040\000P\000r\000o\000d\000u\000c\000t\000\040\000a\000n\000d\000\040\000H\000i\000l\000b\000e\000r\000t\000\040\000B\000i\000m\000o\000d\000u\000l\000e\000s}{subsection.2.1}% 8
\BOOKMARK [3][-]{subsubsection.2.1.6}{\376\377\000K\000a\000s\000p\000a\000r\000o\000v\000\040\000P\000r\000o\000d\000u\000c\000t\000\040\000a\000n\000d\000\040\000M\000o\000r\000i\000t\000a\000\040\000E\000q\000u\000i\000v\000a\000l\000e\000n\000c\000e}{subsection.2.1}% 9
\BOOKMARK [2][-]{subsection.2.2}{\376\377\000F\000i\000n\000i\000t\000e\000\040\000S\000p\000e\000c\000t\000r\000a\000l\000\040\000T\000r\000i\000p\000l\000e\000s}{section.2}% 10
\BOOKMARK [3][-]{subsubsection.2.2.1}{\376\377\000M\000e\000t\000r\000i\000c\000\040\000o\000n\000\040\000F\000i\000n\000i\000t\000e\000\040\000D\000i\000s\000c\000r\000e\000t\000e\000\040\000S\000p\000a\000c\000e\000s}{subsection.2.2}% 11
\BOOKMARK [3][-]{subsubsection.2.2.2}{\376\377\000P\000r\000o\000p\000e\000r\000t\000i\000e\000s\000\040\000o\000f\000\040\000M\000a\000t\000r\000i\000x\000\040\000A\000l\000g\000e\000b\000r\000a\000s}{subsection.2.2}% 12
\BOOKMARK [3][-]{subsubsection.2.2.3}{\376\377\000M\000o\000r\000p\000h\000i\000s\000m\000s\000\040\000B\000e\000t\000w\000e\000e\000n\000\040\000F\000i\000n\000i\000t\000e\000\040\000S\000p\000e\000c\000t\000r\000a\000l\000\040\000T\000r\000i\000p\000l\000e\000s}{subsection.2.2}% 13
\BOOKMARK [2][-]{subsection.2.3}{\376\377\000F\000i\000n\000i\000t\000e\000\040\000R\000e\000a\000l\000\040\000N\000o\000n\000c\000o\000m\000m\000u\000t\000a\000t\000i\000v\000e\000\040\000S\000p\000a\000c\000e\000s}{section.2}% 14
\BOOKMARK [3][-]{subsubsection.2.3.1}{\376\377\000F\000i\000n\000i\000t\000e\000\040\000R\000e\000a\000l\000\040\000S\000p\000e\000c\000t\000r\000a\000l\000\040\000T\000r\000i\000p\000l\000e\000s}{subsection.2.3}% 15
\BOOKMARK [3][-]{subsubsection.2.3.2}{\376\377\000M\000o\000r\000p\000h\000i\000s\000m\000s\000\040\000B\000e\000t\000w\000e\000e\000n\000\040\000F\000i\000n\000i\000t\000e\000\040\000R\000e\000a\000l\000\040\000S\000p\000e\000c\000t\000r\000a\000l\000\040\000T\000r\000i\000p\000l\000e\000s}{subsection.2.3}% 16
\BOOKMARK [2][-]{subsection.2.4}{\376\377\000H\000e\000a\000t\000\040\000K\000e\000r\000n\000e\000l\000\040\000E\000x\000p\000a\000n\000s\000i\000o\000n}{section.2}% 17
\BOOKMARK [3][-]{subsubsection.2.4.1}{\376\377\000T\000h\000e\000\040\000H\000e\000a\000t\000\040\000K\000e\000r\000n\000e\000l}{subsection.2.4}% 18
\BOOKMARK [3][-]{subsubsection.2.4.2}{\376\377\000S\000p\000e\000c\000t\000r\000a\000l\000\040\000F\000u\000n\000c\000t\000i\000o\000n\000s}{subsection.2.4}% 19
\BOOKMARK [3][-]{subsubsection.2.4.3}{\376\377\000G\000e\000n\000e\000r\000a\000l\000\040\000F\000o\000r\000m\000u\000l\000a\000e}{subsection.2.4}% 20
\BOOKMARK [3][-]{subsubsection.2.4.4}{\376\377\000H\000e\000a\000t\000\040\000K\000e\000r\000n\000e\000l\000\040\000C\000o\000e\000f\000f\000i\000c\000i\000e\000n\000t\000s}{subsection.2.4}% 21
\BOOKMARK [2][-]{subsection.2.5}{\376\377\000A\000l\000m\000o\000s\000t\000-\000c\000o\000m\000m\000u\000t\000a\000t\000i\000v\000e\000\040\000M\000a\000n\000i\000f\000o\000l\000d}{section.2}% 22
\BOOKMARK [3][-]{subsubsection.2.5.1}{\376\377\000T\000w\000o\000-\000P\000o\000i\000n\000t\000\040\000S\000p\000a\000c\000e}{subsection.2.5}% 23
\BOOKMARK [3][-]{subsubsection.2.5.2}{\376\377\000P\000r\000o\000d\000u\000c\000t\000\040\000S\000p\000a\000c\000e}{subsection.2.5}% 24
\BOOKMARK [3][-]{subsubsection.2.5.3}{\376\377\000U\000\050\0001\000\051\000\040\000G\000a\000u\000g\000e\000\040\000G\000r\000o\000u\000p}{subsection.2.5}% 25
\BOOKMARK [2][-]{subsection.2.6}{\376\377\000N\000o\000n\000c\000o\000m\000m\000u\000t\000a\000t\000i\000v\000e\000\040\000G\000e\000o\000m\000e\000t\000r\000y\000\040\000o\000f\000\040\000E\000l\000e\000c\000t\000r\000o\000d\000y\000n\000a\000m\000i\000c\000s}{section.2}% 26
\BOOKMARK [3][-]{subsubsection.2.6.1}{\376\377\000T\000h\000e\000\040\000F\000i\000n\000i\000t\000e\000\040\000S\000p\000a\000c\000e}{subsection.2.6}% 27
\BOOKMARK [3][-]{subsubsection.2.6.2}{\376\377\000A\000\040\000n\000o\000n\000c\000o\000m\000m\000u\000t\000a\000t\000i\000v\000e\000\040\000F\000i\000n\000i\000t\000e\000\040\000D\000i\000r\000a\000c\000\040\000O\000p\000e\000r\000a\000t\000o\000r}{subsection.2.6}% 28
\BOOKMARK [3][-]{subsubsection.2.6.3}{\376\377\000A\000l\000m\000o\000s\000t\000\040\000c\000o\000m\000m\000u\000t\000a\000t\000i\000v\000e\000\040\000M\000a\000n\000i\000f\000o\000l\000d\000\040\000o\000f\000\040\000E\000l\000e\000c\000t\000r\000o\000d\000y\000n\000a\000m\000i\000c\000s}{subsection.2.6}% 29
\BOOKMARK [3][-]{subsubsection.2.6.4}{\376\377\000S\000p\000e\000c\000t\000r\000a\000l\000\040\000A\000c\000t\000i\000o\000n}{subsection.2.6}% 30
\BOOKMARK [3][-]{subsubsection.2.6.5}{\376\377\000F\000e\000r\000m\000i\000o\000n\000i\000c\000\040\000A\000c\000t\000i\000o\000n}{subsection.2.6}% 31
\BOOKMARK [1][-]{section.3}{\376\377\000C\000o\000n\000c\000l\000u\000s\000i\000o\000n}{}% 32
\BOOKMARK [1][-]{section.4}{\376\377\000A\000c\000k\000n\000o\000w\000l\000e\000d\000g\000m\000e\000n\000t}{}% 33
